Base path: 'C:/Program Files/Unity/Editor/2019.2.7f2/Editor/Data', plugins path 'C:/Program Files/Unity/Editor/2019.2.7f2/Editor/Data/PlaybackEngines'
Cmd: initializeCompiler
Cmd: compileSnippet
  api=4 type=1 insize=6670 outsize=142 kw=_NORMALMAP_TANGENT_SPACE _MASKMAP pd=UNITY_ENABLE_REFLECTION_BUFFERS UNITY_USE_DITHER_MASK_FOR_ALPHABLENDED_SHADOWS UNITY_PBS_USE_BRDF1 UNITY_SPECCUBE_BOX_PROJECTION UNITY_SPECCUBE_BLENDING UNITY_ENABLE_DETAIL_NORMALMAP SHADER_API_DESKTOP UNITY_LIGHT_PROBE_PROXY_VOLUME UNITY_LIGHTMAP_FULL_HDR ok=1
Cmd: compileSnippet
  api=4 type=0 insize=7138 outsize=1818 kw=DEBUG_DISPLAY DECALS_3RT _NORMALMAP_TANGENT_SPACE _NORMALMAP _MASKMAP pd=UNITY_ENABLE_REFLECTION_BUFFERS UNITY_USE_DITHER_MASK_FOR_ALPHABLENDED_SHADOWS UNITY_PBS_USE_BRDF1 UNITY_SPECCUBE_BOX_PROJECTION UNITY_SPECCUBE_BLENDING UNITY_ENABLE_DETAIL_NORMALMAP SHADER_API_DESKTOP UNITY_LIGHT_PROBE_PROXY_VOLUME UNITY_LIGHTMAP_FULL_HDR ok=1
Cmd: compileSnippet
  api=4 type=1 insize=8218 outsize=106838 kw=_SURFACE_TYPE_TRANSPARENT DEBUG_DISPLAY DECALS_3RT SHADOW_LOW USE_CLUSTERED_LIGHTLIST _NORMALMAP_TANGENT_SPACE _BLENDMODE_ALPHA _BLENDMODE_PRESERVE_SPECULAR_LIGHTING _ENABLE_FOG_ON_TRANSPARENT pd=UNITY_ENABLE_REFLECTION_BUFFERS UNITY_USE_DITHER_MASK_FOR_ALPHABLENDED_SHADOWS UNITY_PBS_USE_BRDF1 UNITY_SPECCUBE_BOX_PROJECTION UNITY_SPECCUBE_BLENDING UNITY_ENABLE_DETAIL_NORMALMAP SHADER_API_DESKTOP UNITY_LIGHT_PROBE_PROXY_VOLUME UNITY_LIGHTMAP_FULL_HDR ok=1
Cmd: initializeCompiler
Cmd: compileComputeKernel
  api=4 insize=15806 outsize=15248 ok=1
Cmd: compileComputeKernel
  api=4 insize=15806 outsize=29966 ok=1
Cmd: compileComputeKernel
  api=4 insize=15806 outsize=38729 ok=1
Cmd: compileComputeKernel
  api=4 insize=15806 outsize=45639 ok=1
Cmd: compileComputeKernel
  api=4 insize=15806 outsize=36359 ok=1
Cmd: compileComputeKernel
  api=4 insize=15806 outsize=43108 ok=1
Cmd: compileComputeKernel
  api=4 insize=15806 outsize=33303 ok=1
Cmd: compileComputeKernel
  api=4 insize=15806 outsize=47715 ok=1
Cmd: compileComputeKernel
  api=4 insize=15806 outsize=47631 ok=1
Cmd: compileComputeKernel
  api=4 insize=15806 outsize=34043 ok=1
Cmd: compileComputeKernel
  api=4 insize=15806 outsize=34048 ok=1
Cmd: compileComputeKernel
  api=4 insize=15806 outsize=37860 ok=1
Cmd: compileComputeKernel
  api=4 insize=15806 outsize=75859 ok=1
Cmd: compileComputeKernel
  api=4 insize=26390 outsize=15917 ok=1
Cmd: compileComputeKernel
  api=4 insize=5910 outsize=6007 ok=1
Cmd: compileComputeKernel
  api=4 insize=1372 outsize=620 ok=1
Cmd: compileComputeKernel
  api=4 insize=9590 outsize=7844 ok=1
Cmd: compileComputeKernel
  api=4 insize=9730 outsize=3350 ok=1
Cmd: compileComputeKernel
  api=4 insize=12177 outsize=1307 ok=1
Cmd: compileComputeKernel
  api=4 insize=7611 outsize=6586 ok=1
Cmd: compileComputeKernel
  api=4 insize=3154 outsize=1991 ok=1
Cmd: compileComputeKernel
  api=4 insize=1988 outsize=1220 ok=1
Cmd: compileComputeKernel
  api=4 insize=22088 outsize=14055 ok=1
Cmd: compileComputeKernel
  api=4 insize=22288 outsize=21741 ok=1
Cmd: compileComputeKernel
  api=4 insize=8884 outsize=4172 ok=1
Cmd: compileComputeKernel
  api=4 insize=3012 outsize=1865 ok=1
Cmd: compileComputeKernel
  api=4 insize=3111 outsize=3237 ok=1
Cmd: compileComputeKernel
  api=4 insize=8163 outsize=532 ok=1
Cmd: compileComputeKernel
  api=4 insize=879 outsize=578 ok=1
Cmd: compileComputeKernel
  api=4 insize=37247 outsize=32395 ok=1
Cmd: compileComputeKernel
  api=4 insize=37247 outsize=31493 ok=1
Cmd: compileComputeKernel
  api=4 insize=5626 outsize=1267 ok=1
Cmd: compileComputeKernel
  api=4 insize=5190 outsize=1297 ok=1
Cmd: compileComputeKernel
  api=4 insize=7903 outsize=6747 ok=1
Cmd: compileComputeKernel
  api=4 insize=4037 outsize=677 ok=1
Cmd: compileComputeKernel
  api=4 insize=18083 outsize=5562 ok=1
Cmd: initializeCompiler
Cmd: compileSnippet
  api=4 type=0 insize=6855 outsize=810 kw=_NORMALMAP_TANGENT_SPACE pd=UNITY_ENABLE_REFLECTION_BUFFERS UNITY_USE_DITHER_MASK_FOR_ALPHABLENDED_SHADOWS UNITY_PBS_USE_BRDF1 UNITY_SPECCUBE_BOX_PROJECTION UNITY_SPECCUBE_BLENDING UNITY_ENABLE_DETAIL_NORMALMAP SHADER_API_DESKTOP UNITY_LIGHT_PROBE_PROXY_VOLUME UNITY_LIGHTMAP_FULL_HDR ok=1
Cmd: compileSnippet
  api=4 type=0 insize=16609 outsize=2886 kw=UNITY_PASS_SHADOWCASTER SHADOWS_DEPTH BILLBOARD_FACE_CAMERA_POS pd=UNITY_ENABLE_REFLECTION_BUFFERS UNITY_USE_DITHER_MASK_FOR_ALPHABLENDED_SHADOWS UNITY_PBS_USE_BRDF1 UNITY_SPECCUBE_BOX_PROJECTION UNITY_SPECCUBE_BLENDING UNITY_ENABLE_DETAIL_NORMALMAP SHADER_API_DESKTOP UNITY_LIGHT_PROBE_PROXY_VOLUME UNITY_LIGHTMAP_FULL_HDR ok=1
