Base path: 'C:/Program Files/Unity/Editor/2019.2.7f2/Editor/Data', plugins path 'C:/Program Files/Unity/Editor/2019.2.7f2/Editor/Data/PlaybackEngines'
Cmd: initializeCompiler
Cmd: compileSnippet
  api=4 type=0 insize=7138 outsize=1818 kw=LIGHTMAP_ON DIRLIGHTMAP_COMBINED DEBUG_DISPLAY DECALS_3RT _NORMALMAP_TANGENT_SPACE _NORMALMAP _MASKMAP pd=UNITY_ENABLE_REFLECTION_BUFFERS UNITY_USE_DITHER_MASK_FOR_ALPHABLENDED_SHADOWS UNITY_PBS_USE_BRDF1 UNITY_SPECCUBE_BOX_PROJECTION UNITY_SPECCUBE_BLENDING UNITY_ENABLE_DETAIL_NORMALMAP SHADER_API_DESKTOP UNITY_LIGHT_PROBE_PROXY_VOLUME UNITY_LIGHTMAP_FULL_HDR ok=1
Cmd: compileSnippet
  api=4 type=1 insize=7138 outsize=12202 kw=DEBUG_DISPLAY DECALS_3RT _NORMALMAP_TANGENT_SPACE _NORMALMAP _MASKMAP pd=UNITY_ENABLE_REFLECTION_BUFFERS UNITY_USE_DITHER_MASK_FOR_ALPHABLENDED_SHADOWS UNITY_PBS_USE_BRDF1 UNITY_SPECCUBE_BOX_PROJECTION UNITY_SPECCUBE_BLENDING UNITY_ENABLE_DETAIL_NORMALMAP SHADER_API_DESKTOP UNITY_LIGHT_PROBE_PROXY_VOLUME UNITY_LIGHTMAP_FULL_HDR ok=1
Cmd: initializeCompiler
Cmd: compileComputeKernel
  api=4 insize=2627 outsize=869 ok=1
Cmd: compileComputeKernel
  api=4 insize=19040 outsize=8048 ok=1
Cmd: compileComputeKernel
  api=4 insize=15806 outsize=33598 ok=1
Cmd: compileComputeKernel
  api=4 insize=15806 outsize=62481 ok=1
Cmd: compileComputeKernel
  api=4 insize=15806 outsize=32335 ok=1
Cmd: compileComputeKernel
  api=4 insize=15806 outsize=65182 ok=1
Cmd: compileComputeKernel
  api=4 insize=15806 outsize=14004 ok=1
Cmd: compileComputeKernel
  api=4 insize=15806 outsize=22411 ok=1
Cmd: compileComputeKernel
  api=4 insize=15806 outsize=42260 ok=1
Cmd: compileComputeKernel
  api=4 insize=15806 outsize=47452 ok=1
Cmd: compileComputeKernel
  api=4 insize=15806 outsize=56396 ok=1
Cmd: compileComputeKernel
  api=4 insize=15806 outsize=96340 ok=1
Cmd: compileComputeKernel
  api=4 insize=26390 outsize=15619 ok=1
Cmd: compileComputeKernel
  api=4 insize=9590 outsize=9139 ok=1
Cmd: compileComputeKernel
  api=4 insize=5067 outsize=2350 ok=1
Cmd: compileComputeKernel
  api=4 insize=13984 outsize=2094 ok=1
Cmd: compileComputeKernel
  api=4 insize=2741 outsize=1197 ok=1
Cmd: compileComputeKernel
  api=4 insize=22088 outsize=15324 ok=1
Cmd: compileComputeKernel
  api=4 insize=8884 outsize=813 ok=1
Cmd: compileComputeKernel
  api=4 insize=21149 outsize=27771 ok=1
Cmd: compileComputeKernel
  api=4 insize=37247 outsize=36014 ok=1
Cmd: compileComputeKernel
  api=4 insize=37247 outsize=33663 ok=1
Cmd: compileComputeKernel
  api=4 insize=8512 outsize=2100 ok=1
Cmd: compileComputeKernel
  api=4 insize=5190 outsize=1174 ok=1
Cmd: compileComputeKernel
  api=4 insize=5190 outsize=899 ok=1
Cmd: compileComputeKernel
  api=4 insize=10127 outsize=3652 ok=1
Cmd: compileComputeKernel
  api=4 insize=7903 outsize=5466 ok=1
Cmd: compileComputeKernel
  api=4 insize=4037 outsize=2830 ok=1
Cmd: compileComputeKernel
  api=4 insize=18083 outsize=5164 ok=1
Cmd: compileComputeKernel
  api=4 insize=5893 outsize=629 ok=1
Cmd: compileComputeKernel
  api=4 insize=3936 outsize=4216 ok=1
Cmd: initializeCompiler
